<?xml version="1.0" encoding="UTF-8"?>
<!-- Generated by org.testng.reporters.JUnitXMLReporter -->
<testsuite ignored="0" hostname="Kumars-Air" failures="0" tests="3" name="Default test" time="7.117" errors="0" timestamp="2024-07-05T22:38:19 GMT-04:00">
  <testcase classname="org.case1.UsernameGroup" name="browserlaunch" time="3.201"/>
  <testcase classname="org.case1.UsernameGroup" name="browserlaunch" time="2.487"/>
  <testcase classname="org.case1.UsernameGroup" name="browserlaunch" time="1.409"/>
</testsuite> <!-- Default test -->
