<?xml version="1.0" encoding="UTF-8"?>
<!-- Generated by org.testng.reporters.JUnitXMLReporter -->
<testsuite ignored="0" hostname="Kumars-Air" failures="0" tests="4" name="Test1" time="3.433" errors="0" timestamp="2024-07-06T11:38:47 GMT-04:00">
  <testcase classname="org.case1.UsernameGroup" name="browser" time="2.044"/>
  <testcase classname="org.case1.UsernameGroup" name="browserlaunch" time="0.933"/>
  <testcase classname="org.case1.UsernameGroup" name="browserlaunch" time="0.222"/>
  <testcase classname="org.case1.UsernameGroup" name="browserlaunch" time="0.229"/>
</testsuite> <!-- Test1 -->
