<?xml version="1.0" encoding="UTF-8"?>
<!-- Generated by org.testng.reporters.JUnitXMLReporter -->
<testsuite ignored="0" hostname="Kumars-Air" failures="0" tests="4" name="Test" time="5.021" errors="0" timestamp="2024-07-06T11:38:43 GMT-04:00">
  <testcase classname="org.case1.UsernameGroup" name="browser" time="2.936"/>
  <testcase classname="org.case1.UsernameGroup" name="browserlaunch" time="1.273"/>
  <testcase classname="org.case1.UsernameGroup" name="browserlaunch" time="0.407"/>
  <testcase classname="org.case1.UsernameGroup" name="browserlaunch" time="0.378"/>
</testsuite> <!-- Test -->
