<?xml version="1.0" encoding="UTF-8"?>
<testng-results ignored="0" total="8" passed="8" failed="0" skipped="0">
  <reporter-output>
  </reporter-output>
  <suite started-at="2024-07-06T11:38:38 GMT-04:00" name="Suite" finished-at="2024-07-06T11:38:47 GMT-04:00" duration-ms="8475">
    <groups>
    </groups>
    <test started-at="2024-07-06T11:38:38 GMT-04:00" name="Test" finished-at="2024-07-06T11:38:43 GMT-04:00" duration-ms="5021">
      <class name="org.case1.UsernameGroup">
        <test-method signature="browser(java.lang.String)[pri:0, instance:org.case1.UsernameGroup@47af7f3d]" started-at="2024-07-06T11:38:38 GMT-04:00" name="browser" finished-at="2024-07-06T11:38:41 GMT-04:00" duration-ms="2936" status="PASS">
          <params>
            <param index="0">
              <value>
                <![CDATA[Edge]]>
              </value>
            </param>
          </params>
          <reporter-output>
          </reporter-output>
        </test-method> <!-- browser -->
        <test-method signature="browserlaunch(java.lang.String,java.lang.String)[pri:0, instance:org.case1.UsernameGroup@47af7f3d]" started-at="2024-07-06T11:38:41 GMT-04:00" name="browserlaunch" data-provider="login" finished-at="2024-07-06T11:38:42 GMT-04:00" duration-ms="1273" status="PASS">
          <params>
            <param index="0">
              <value>
                <![CDATA[kaanathalkumar@gmail.com]]>
              </value>
            </param>
            <param index="1">
              <value>
                <![CDATA[Kumar@1984]]>
              </value>
            </param>
          </params>
          <reporter-output>
          </reporter-output>
        </test-method> <!-- browserlaunch -->
        <test-method signature="browserlaunch(java.lang.String,java.lang.String)[pri:0, instance:org.case1.UsernameGroup@47af7f3d]" started-at="2024-07-06T11:38:42 GMT-04:00" name="browserlaunch" data-provider="login" finished-at="2024-07-06T11:38:43 GMT-04:00" duration-ms="407" status="PASS">
          <params>
            <param index="0">
              <value>
                <![CDATA[rm_kanna@yahoo.co.in]]>
              </value>
            </param>
            <param index="1">
              <value>
                <![CDATA[Meena@1988]]>
              </value>
            </param>
          </params>
          <reporter-output>
          </reporter-output>
        </test-method> <!-- browserlaunch -->
        <test-method signature="browserlaunch(java.lang.String,java.lang.String)[pri:0, instance:org.case1.UsernameGroup@47af7f3d]" started-at="2024-07-06T11:38:43 GMT-04:00" name="browserlaunch" data-provider="login" finished-at="2024-07-06T11:38:43 GMT-04:00" duration-ms="378" status="PASS">
          <params>
            <param index="0">
              <value>
                <![CDATA[lakshmi@gmail.com]]>
              </value>
            </param>
            <param index="1">
              <value>
                <![CDATA[Thenu@1988]]>
              </value>
            </param>
          </params>
          <reporter-output>
          </reporter-output>
        </test-method> <!-- browserlaunch -->
      </class> <!-- org.case1.UsernameGroup -->
    </test> <!-- Test -->
    <test started-at="2024-07-06T11:38:43 GMT-04:00" name="Test1" finished-at="2024-07-06T11:38:47 GMT-04:00" duration-ms="3433">
      <class name="org.case1.UsernameGroup">
        <test-method signature="browser(java.lang.String)[pri:0, instance:org.case1.UsernameGroup@1283bb96]" started-at="2024-07-06T11:38:43 GMT-04:00" name="browser" finished-at="2024-07-06T11:38:45 GMT-04:00" duration-ms="2044" status="PASS">
          <params>
            <param index="0">
              <value>
                <![CDATA[Chrome]]>
              </value>
            </param>
          </params>
          <reporter-output>
          </reporter-output>
        </test-method> <!-- browser -->
        <test-method signature="browserlaunch(java.lang.String,java.lang.String)[pri:0, instance:org.case1.UsernameGroup@1283bb96]" started-at="2024-07-06T11:38:45 GMT-04:00" name="browserlaunch" data-provider="login" finished-at="2024-07-06T11:38:46 GMT-04:00" duration-ms="933" status="PASS">
          <params>
            <param index="0">
              <value>
                <![CDATA[kaanathalkumar@gmail.com]]>
              </value>
            </param>
            <param index="1">
              <value>
                <![CDATA[Kumar@1984]]>
              </value>
            </param>
          </params>
          <reporter-output>
          </reporter-output>
        </test-method> <!-- browserlaunch -->
        <test-method signature="browserlaunch(java.lang.String,java.lang.String)[pri:0, instance:org.case1.UsernameGroup@1283bb96]" started-at="2024-07-06T11:38:46 GMT-04:00" name="browserlaunch" data-provider="login" finished-at="2024-07-06T11:38:46 GMT-04:00" duration-ms="222" status="PASS">
          <params>
            <param index="0">
              <value>
                <![CDATA[rm_kanna@yahoo.co.in]]>
              </value>
            </param>
            <param index="1">
              <value>
                <![CDATA[Meena@1988]]>
              </value>
            </param>
          </params>
          <reporter-output>
          </reporter-output>
        </test-method> <!-- browserlaunch -->
        <test-method signature="browserlaunch(java.lang.String,java.lang.String)[pri:0, instance:org.case1.UsernameGroup@1283bb96]" started-at="2024-07-06T11:38:46 GMT-04:00" name="browserlaunch" data-provider="login" finished-at="2024-07-06T11:38:47 GMT-04:00" duration-ms="229" status="PASS">
          <params>
            <param index="0">
              <value>
                <![CDATA[lakshmi@gmail.com]]>
              </value>
            </param>
            <param index="1">
              <value>
                <![CDATA[Thenu@1988]]>
              </value>
            </param>
          </params>
          <reporter-output>
          </reporter-output>
        </test-method> <!-- browserlaunch -->
      </class> <!-- org.case1.UsernameGroup -->
    </test> <!-- Test1 -->
  </suite> <!-- Suite -->
</testng-results>
